GEMM Benchmark Results
-----------------------
Parameters: M=1024 N=1024 K=1024 Mc=32 Nc=32 Kc=32 Mr=4 Nr=16 op=0
Timer: naive               1.985 GFLOPS  (1082.1090 ms)      1.921 
Timer: opt                 1.470 GFLOPS  (1460.8014 ms)      1.423 
  最大误差: 0.000000
-----------------------
执行: ./gemm 1024 1024 1024 32 32 144 4 20 3
Parameters: M=1024 N=1024 K=1024 Mc=32 Nc=32 Kc=144 Mr=4 Nr=20 op=3
./grid_sreach.sh: line 40: 2793965 Killed                  ./gemm $M $N $K $Mc $Nc $Kc $Mr $Nr $op >> $LOG_FILE 2>&1
-----------------------
执行: ./gemm 1024 1024 1024 32 32 144 4 20 4
Parameters: M=1024 N=1024 K=1024 Mc=32 Nc=32 Kc=144 Mr=4 Nr=20 op=4
./grid_sreach.sh: line 40: 2794476 Killed                  ./gemm $M $N $K $Mc $Nc $Kc $Mr $Nr $op >> $LOG_FILE 2>&1
-----------------------
执行: ./gemm 1024 1024 1024 32 32 144 4 20 5
Parameters: M=1024 N=1024 K=1024 Mc=32 Nc=32 Kc=144 Mr=4 Nr=20 op=5
Terminated
-----------------------
执行: ./gemm 1024 1024 1024 32 32 144 6 16 0
Parameters: M=1024 N=1024 K=1024 Mc=32 Nc=32 Kc=144 Mr=6 Nr=16 op=0
